  316350866_PROYECTOFINAL_GRUPO9.cpp
C:\Users\FI VM\Documents\GitHub\316350866_PROYECTO_GPO9\ProyectoFinal\ProyectoFinal\modelAnim.h(104,44): warning C4244: '=': conversion from 'double' to 'float', possible loss of data
C:\Users\FI VM\Documents\GitHub\316350866_PROYECTO_GPO9\ProyectoFinal\ProyectoFinal\modelAnim.h(519,24): warning C4244: 'initializing': conversion from 'double' to 'float', possible loss of data
C:\Users\FI VM\Documents\GitHub\316350866_PROYECTO_GPO9\ProyectoFinal\ProyectoFinal\316350866_PROYECTOFINAL_GRUPO9.cpp(433,35): warning C4305: 'argument': truncation from 'double' to 'float'
C:\Users\FI VM\Documents\GitHub\316350866_PROYECTO_GPO9\ProyectoFinal\ProyectoFinal\316350866_PROYECTOFINAL_GRUPO9.cpp(436,37): warning C4305: 'argument': truncation from 'double' to 'float'
C:\Users\FI VM\Documents\GitHub\316350866_PROYECTO_GPO9\ProyectoFinal\ProyectoFinal\316350866_PROYECTOFINAL_GRUPO9.cpp(439,39): warning C4305: 'argument': truncation from 'double' to 'float'
C:\Users\FI VM\Documents\GitHub\316350866_PROYECTO_GPO9\ProyectoFinal\ProyectoFinal\316350866_PROYECTOFINAL_GRUPO9.cpp(454,36): warning C4305: 'argument': truncation from 'double' to 'float'
C:\Users\FI VM\Documents\GitHub\316350866_PROYECTO_GPO9\ProyectoFinal\ProyectoFinal\316350866_PROYECTOFINAL_GRUPO9.cpp(462,24): warning C4244: 'initializing': conversion from 'double' to 'GLfloat', possible loss of data
C:\Users\FI VM\Documents\GitHub\316350866_PROYECTO_GPO9\ProyectoFinal\ProyectoFinal\316350866_PROYECTOFINAL_GRUPO9.cpp(968,11): warning C4244: '=': conversion from 'double' to 'GLfloat', possible loss of data
C:\Users\FI VM\Documents\GitHub\316350866_PROYECTO_GPO9\ProyectoFinal\ProyectoFinal\316350866_PROYECTOFINAL_GRUPO9.cpp(969,11): warning C4244: '=': conversion from 'double' to 'GLfloat', possible loss of data
C:\Users\FI VM\Documents\GitHub\316350866_PROYECTO_GPO9\ProyectoFinal\ProyectoFinal\316350866_PROYECTOFINAL_GRUPO9.cpp(973,18): warning C4244: 'initializing': conversion from 'double' to 'GLfloat', possible loss of data
C:\Users\FI VM\Documents\GitHub\316350866_PROYECTO_GPO9\ProyectoFinal\ProyectoFinal\316350866_PROYECTOFINAL_GRUPO9.cpp(974,18): warning C4244: 'initializing': conversion from 'double' to 'GLfloat', possible loss of data
C:\Users\FI VM\Documents\GitHub\316350866_PROYECTO_GPO9\ProyectoFinal\ProyectoFinal\316350866_PROYECTOFINAL_GRUPO9.cpp(976,10): warning C4244: '=': conversion from 'double' to 'GLfloat', possible loss of data
C:\Users\FI VM\Documents\GitHub\316350866_PROYECTO_GPO9\ProyectoFinal\ProyectoFinal\316350866_PROYECTOFINAL_GRUPO9.cpp(977,10): warning C4244: '=': conversion from 'double' to 'GLfloat', possible loss of data
soil2-debug.lib(SOIL2.obj) : warning LNK4075: ignoring '/EDITANDCONTINUE' due to '/OPT:ICF' specification
LINK : warning LNK4098: defaultlib 'MSVCRTD' conflicts with use of other libs; use /NODEFAULTLIB:library
  Generating code
  Previous IPDB not found, fall back to full compilation.
  All 705 functions were compiled because no usable IPDB/IOBJ from previous compilation was found.
  Finished generating code
soil2-debug.lib(etc1_utils.obj) : warning LNK4099: PDB 'soil2-debug.pdb' was not found with 'soil2-debug.lib(etc1_utils.obj)' or at 'C:\Users\FI VM\Documents\GitHub\316350866_PROYECTO_GPO9\ProyectoFinal\Release\soil2-debug.pdb'; linking object as if no debug info
soil2-debug.lib(image_DXT.obj) : warning LNK4099: PDB 'soil2-debug.pdb' was not found with 'soil2-debug.lib(image_DXT.obj)' or at 'C:\Users\FI VM\Documents\GitHub\316350866_PROYECTO_GPO9\ProyectoFinal\Release\soil2-debug.pdb'; linking object as if no debug info
soil2-debug.lib(image_helper.obj) : warning LNK4099: PDB 'soil2-debug.pdb' was not found with 'soil2-debug.lib(image_helper.obj)' or at 'C:\Users\FI VM\Documents\GitHub\316350866_PROYECTO_GPO9\ProyectoFinal\Release\soil2-debug.pdb'; linking object as if no debug info
soil2-debug.lib(SOIL2.obj) : warning LNK4099: PDB 'soil2-debug.pdb' was not found with 'soil2-debug.lib(SOIL2.obj)' or at 'C:\Users\FI VM\Documents\GitHub\316350866_PROYECTO_GPO9\ProyectoFinal\Release\soil2-debug.pdb'; linking object as if no debug info
  ProyectoFinal.vcxproj -> C:\Users\FI VM\Documents\GitHub\316350866_PROYECTO_GPO9\ProyectoFinal\Release\ProyectoFinal.exe
