  MainPrueba.cpp
C:\Users\FI VM\Documents\GitHub\316350866_PROYECTO_GPO9\ProyectoFinal\ProyectoFinal\modelAnim.h(104,44): warning C4244: '=': conversion from 'double' to 'float', possible loss of data
C:\Users\FI VM\Documents\GitHub\316350866_PROYECTO_GPO9\ProyectoFinal\ProyectoFinal\modelAnim.h(519,24): warning C4244: 'initializing': conversion from 'double' to 'float', possible loss of data
C:\Users\FI VM\Documents\GitHub\316350866_PROYECTO_GPO9\ProyectoFinal\ProyectoFinal\MainPrueba.cpp(441,35): warning C4305: 'argument': truncation from 'double' to 'float'
C:\Users\FI VM\Documents\GitHub\316350866_PROYECTO_GPO9\ProyectoFinal\ProyectoFinal\MainPrueba.cpp(445,37): warning C4305: 'argument': truncation from 'double' to 'float'
C:\Users\FI VM\Documents\GitHub\316350866_PROYECTO_GPO9\ProyectoFinal\ProyectoFinal\MainPrueba.cpp(448,39): warning C4305: 'argument': truncation from 'double' to 'float'
C:\Users\FI VM\Documents\GitHub\316350866_PROYECTO_GPO9\ProyectoFinal\ProyectoFinal\MainPrueba.cpp(463,36): warning C4305: 'argument': truncation from 'double' to 'float'
C:\Users\FI VM\Documents\GitHub\316350866_PROYECTO_GPO9\ProyectoFinal\ProyectoFinal\MainPrueba.cpp(471,24): warning C4244: 'initializing': conversion from 'double' to 'GLfloat', possible loss of data
C:\Users\FI VM\Documents\GitHub\316350866_PROYECTO_GPO9\ProyectoFinal\ProyectoFinal\MainPrueba.cpp(992,11): warning C4244: '=': conversion from 'double' to 'GLfloat', possible loss of data
C:\Users\FI VM\Documents\GitHub\316350866_PROYECTO_GPO9\ProyectoFinal\ProyectoFinal\MainPrueba.cpp(993,11): warning C4244: '=': conversion from 'double' to 'GLfloat', possible loss of data
C:\Users\FI VM\Documents\GitHub\316350866_PROYECTO_GPO9\ProyectoFinal\ProyectoFinal\MainPrueba.cpp(997,18): warning C4244: 'initializing': conversion from 'double' to 'GLfloat', possible loss of data
C:\Users\FI VM\Documents\GitHub\316350866_PROYECTO_GPO9\ProyectoFinal\ProyectoFinal\MainPrueba.cpp(998,18): warning C4244: 'initializing': conversion from 'double' to 'GLfloat', possible loss of data
C:\Users\FI VM\Documents\GitHub\316350866_PROYECTO_GPO9\ProyectoFinal\ProyectoFinal\MainPrueba.cpp(1000,10): warning C4244: '=': conversion from 'double' to 'GLfloat', possible loss of data
C:\Users\FI VM\Documents\GitHub\316350866_PROYECTO_GPO9\ProyectoFinal\ProyectoFinal\MainPrueba.cpp(1001,10): warning C4244: '=': conversion from 'double' to 'GLfloat', possible loss of data
LINK : warning LNK4098: defaultlib 'MSVCRT' conflicts with use of other libs; use /NODEFAULTLIB:library
soil2-debug.lib(etc1_utils.obj) : warning LNK4099: PDB 'soil2-debug.pdb' was not found with 'soil2-debug.lib(etc1_utils.obj)' or at 'C:\Users\FI VM\Documents\GitHub\316350866_PROYECTO_GPO9\ProyectoFinal\Debug\soil2-debug.pdb'; linking object as if no debug info
soil2-debug.lib(image_DXT.obj) : warning LNK4099: PDB 'soil2-debug.pdb' was not found with 'soil2-debug.lib(image_DXT.obj)' or at 'C:\Users\FI VM\Documents\GitHub\316350866_PROYECTO_GPO9\ProyectoFinal\Debug\soil2-debug.pdb'; linking object as if no debug info
soil2-debug.lib(image_helper.obj) : warning LNK4099: PDB 'soil2-debug.pdb' was not found with 'soil2-debug.lib(image_helper.obj)' or at 'C:\Users\FI VM\Documents\GitHub\316350866_PROYECTO_GPO9\ProyectoFinal\Debug\soil2-debug.pdb'; linking object as if no debug info
soil2-debug.lib(SOIL2.obj) : warning LNK4099: PDB 'soil2-debug.pdb' was not found with 'soil2-debug.lib(SOIL2.obj)' or at 'C:\Users\FI VM\Documents\GitHub\316350866_PROYECTO_GPO9\ProyectoFinal\Debug\soil2-debug.pdb'; linking object as if no debug info
  ProyectoFinal.vcxproj -> C:\Users\FI VM\Documents\GitHub\316350866_PROYECTO_GPO9\ProyectoFinal\Debug\ProyectoFinal.exe
